
> web-dashboard@0.1.0 build
> next build

Γû▓ Next.js 16.1.6 (Turbopack)
- Environments: .env

ΓÜá The "middleware" file convention is deprecated. Please use "proxy" instead. Learn more: https://nextjs.org/docs/messages/middleware-to-proxy
  Creating an optimized production build ...

> Build error occurred
Error: Turbopack build failed with 2 errors:
./src/app/page.tsx:1:20
Ecmascript file had an error
> 1 | import { useState, useEffect } from "react"
    |                    ^^^^^^^^^
  2 | import { SceneContainer } from "@/components/scene/SceneContainer"
  3 | import { motion } from "framer-motion"
  4 | import { ArrowRight, Building2, HardHat, ShieldCheck, Activity, MapPin, Phone, Mail, Clock } from "lucide-react"

You're importing a component that needs `useEffect`. This React Hook only works in a Client Component. To fix, mark the file (or its parent) with the `"use client"` directive.

 Learn more: https://nextjs.org/docs/app/api-reference/directives/use-client




./src/app/page.tsx:1:10
Ecmascript file had an error
> 1 | import { useState, useEffect } from "react"
    |          ^^^^^^^^
  2 | import { SceneContainer } from "@/components/scene/SceneContainer"
  3 | import { motion } from "framer-motion"
  4 | import { ArrowRight, Building2, HardHat, ShieldCheck, Activity, MapPin, Phone, Mail, Clock } from "lucide-react"

You're importing a component that needs `useState`. This React Hook only works in a Client Component. To fix, mark the file (or its parent) with the `"use client"` directive.

 Learn more: https://nextjs.org/docs/app/api-reference/directives/use-client




    at <unknown> (./src/app/page.tsx:1:20)
    at <unknown> (./src/app/page.tsx:1:10)
