
> web-dashboard@0.1.0 build
> next build

Γû▓ Next.js 16.1.6 (Turbopack)
- Environments: .env

  Creating an optimized production build ...
Γ£ô Compiled successfully in 3.1s
  Running TypeScript ...
  Collecting page data using 11 workers ...
Error [PrismaClientInitializationError]: `PrismaClient` needs to be constructed with a non-empty, valid `PrismaClientOptions`:

```
new PrismaClient({
  ...
})
```

or

```
constructor() {
  super({ ... });
}
```
          
    at module evaluation (E:\Contruction company\web-dashboard\.next\server\chunks\[root-of-the-server]__5db50327._.js:34:45624)
    at instantiateModule (E:\Contruction company\web-dashboard\.next\server\chunks\[turbopack]_runtime.js:740:9)
    at instantiateRuntimeModule (E:\Contruction company\web-dashboard\.next\server\chunks\[turbopack]_runtime.js:768:12)
    at getOrInstantiateRuntimeModule (E:\Contruction company\web-dashboard\.next\server\chunks\[turbopack]_runtime.js:781:12)
    at Object.m (E:\Contruction company\web-dashboard\.next\server\chunks\[turbopack]_runtime.js:790:18)
    at Object.<anonymous> (E:\Contruction company\web-dashboard\.next\server\app\api\auth\[...nextauth]\route.js:6:3) {
  clientVersion: '7.4.2',
  errorCode: undefined,
  retryable: undefined
}

> Build error occurred
Error: Failed to collect page data for /api/auth/[...nextauth]
    at ignore-listed frames {
  type: 'Error'
}
